c:\users\djorgeafonso\source\repos\project1\project1\x64\debug\project1.pch
c:\users\djorgeafonso\source\repos\project1\project1\x64\debug\vc143.pdb
c:\users\djorgeafonso\source\repos\project1\project1\x64\debug\vc143.idb
c:\users\djorgeafonso\source\repos\project1\project1\x64\debug\pch.obj
c:\users\djorgeafonso\source\repos\project1\project1\x64\debug\transform.obj
c:\users\djorgeafonso\source\repos\project1\project1\x64\debug\tools.obj
c:\users\djorgeafonso\source\repos\project1\project1\x64\debug\mathhelper.obj
c:\users\djorgeafonso\source\repos\project1\project1\x64\debug\math.obj
c:\users\djorgeafonso\source\repos\project1\project1\x64\debug\main.obj
c:\users\djorgeafonso\source\repos\project1\project1\x64\debug\init.obj
c:\users\djorgeafonso\source\repos\project1\project1\x64\debug\gametimer.obj
c:\users\djorgeafonso\source\repos\project1\project1\x64\debug\ddstextureloader.obj
c:\users\djorgeafonso\source\repos\project1\project1\x64\debug\render.obj
c:\users\djorgeafonso\source\repos\project1\x64\debug\project1.pdb
c:\users\djorgeafonso\source\repos\project1\project1\x64\debug\project1.tlog\cl.command.1.tlog
c:\users\djorgeafonso\source\repos\project1\project1\x64\debug\project1.tlog\cl.read.1.tlog
c:\users\djorgeafonso\source\repos\project1\project1\x64\debug\project1.tlog\cl.write.1.tlog
c:\users\djorgeafonso\source\repos\project1\project1\x64\debug\project1.tlog\link-cvtres.read.1.tlog
c:\users\djorgeafonso\source\repos\project1\project1\x64\debug\project1.tlog\link-cvtres.write.1.tlog
c:\users\djorgeafonso\source\repos\project1\project1\x64\debug\project1.tlog\link-rc.read.1.tlog
c:\users\djorgeafonso\source\repos\project1\project1\x64\debug\project1.tlog\link-rc.write.1.tlog
c:\users\djorgeafonso\source\repos\project1\project1\x64\debug\project1.tlog\link.command.1.tlog
c:\users\djorgeafonso\source\repos\project1\project1\x64\debug\project1.tlog\link.read.1.tlog
c:\users\djorgeafonso\source\repos\project1\project1\x64\debug\project1.tlog\link.read.2.tlog
c:\users\djorgeafonso\source\repos\project1\project1\x64\debug\project1.tlog\link.write.1.tlog
