c:\users\utilisateur\source\repos\urukagall\stonengine\project1 - copie\project1\x64\debug\stonengine.pch
c:\users\utilisateur\source\repos\urukagall\stonengine\project1 - copie\project1\x64\debug\vc143.pdb
c:\users\utilisateur\source\repos\urukagall\stonengine\project1 - copie\project1\x64\debug\vc143.idb
c:\users\utilisateur\source\repos\urukagall\stonengine\project1 - copie\project1\x64\debug\pch.obj
c:\users\utilisateur\source\repos\urukagall\stonengine\project1 - copie\project1\x64\debug\transform.obj
c:\users\utilisateur\source\repos\urukagall\stonengine\project1 - copie\project1\x64\debug\tools.obj
c:\users\utilisateur\source\repos\urukagall\stonengine\project1 - copie\project1\x64\debug\render.obj
c:\users\utilisateur\source\repos\urukagall\stonengine\project1 - copie\project1\x64\debug\particles.obj
c:\users\utilisateur\source\repos\urukagall\stonengine\project1 - copie\project1\x64\debug\meshrenderer.obj
c:\users\utilisateur\source\repos\urukagall\stonengine\project1 - copie\project1\x64\debug\mathhelper.obj
c:\users\utilisateur\source\repos\urukagall\stonengine\project1 - copie\project1\x64\debug\math.obj
c:\users\utilisateur\source\repos\urukagall\stonengine\project1 - copie\project1\x64\debug\main.obj
c:\users\utilisateur\source\repos\urukagall\stonengine\project1 - copie\project1\x64\debug\init.obj
c:\users\utilisateur\source\repos\urukagall\stonengine\project1 - copie\project1\x64\debug\gametimer.obj
c:\users\utilisateur\source\repos\urukagall\stonengine\project1 - copie\project1\x64\debug\entity.obj
c:\users\utilisateur\source\repos\urukagall\stonengine\project1 - copie\project1\x64\debug\ddstextureloader.obj
c:\users\utilisateur\source\repos\urukagall\stonengine\project1 - copie\project1\x64\debug\component.obj
c:\users\utilisateur\source\repos\urukagall\stonengine\project1 - copie\x64\debug\stonengine.exe
c:\users\utilisateur\source\repos\urukagall\stonengine\project1 - copie\project1\x64\debug\stonengine.ilk
c:\users\utilisateur\source\repos\urukagall\stonengine\project1 - copie\x64\debug\stonengine.pdb
c:\users\utilisateur\source\repos\urukagall\stonengine\project1 - copie\project1\x64\debug\stonengine.tlog\cl.command.1.tlog
c:\users\utilisateur\source\repos\urukagall\stonengine\project1 - copie\project1\x64\debug\stonengine.tlog\cl.read.1.tlog
c:\users\utilisateur\source\repos\urukagall\stonengine\project1 - copie\project1\x64\debug\stonengine.tlog\cl.write.1.tlog
c:\users\utilisateur\source\repos\urukagall\stonengine\project1 - copie\project1\x64\debug\stonengine.tlog\link.command.1.tlog
c:\users\utilisateur\source\repos\urukagall\stonengine\project1 - copie\project1\x64\debug\stonengine.tlog\link.read.1.tlog
c:\users\utilisateur\source\repos\urukagall\stonengine\project1 - copie\project1\x64\debug\stonengine.tlog\link.write.1.tlog
